[2025-12-27 18:22:22,997: INFO: main: >>>>>> stage Data Ingestion Stage started <<<<<<]
[2025-12-27 18:22:22,998: INFO: common: yaml file: config\config.yaml loaded successfully]
[2025-12-27 18:22:23,000: INFO: common: yaml file: params.yaml loaded successfully]
[2025-12-27 18:22:23,000: INFO: common: created directory at: artifacts]
[2025-12-27 18:22:23,001: INFO: common: created directory at: artifacts/data_ingestion]
[2025-12-27 18:22:23,001: INFO: data_ingestion: Downloading data from https://drive.google.com/file/d/1KwBkW9ioIeGs0cpxXqMXk_WW1UcEwSiP/view?usp=sharing into file artifacts/data_ingestion/data.zip]
[2025-12-27 18:24:17,442: INFO: data_ingestion: Downloaded data from https://drive.google.com/file/d/1KwBkW9ioIeGs0cpxXqMXk_WW1UcEwSiP/view?usp=sharing into file artifacts/data_ingestion/data.zip]
[2025-12-27 18:24:28,397: INFO: main: >>>>>> stage Data Ingestion Stage completed <<<<<<

x================x]
[2025-12-27 18:24:28,398: INFO: main: **************]
[2025-12-27 18:24:28,399: INFO: main: >>>>>> stage Prepare base model started <<<<<<]
[2025-12-27 18:24:28,405: INFO: common: yaml file: config\config.yaml loaded successfully]
[2025-12-27 18:24:28,412: INFO: common: yaml file: params.yaml loaded successfully]
[2025-12-27 18:24:28,414: INFO: common: created directory at: artifacts]
[2025-12-27 18:24:28,416: INFO: common: created directory at: artifacts/prepare_base_model]
[2025-12-27 18:24:29,447: WARNING: saving_utils: Compiled the loaded model, but the compiled metrics have yet to be built. `model.compile_metrics` will be empty until you train or evaluate the model.]
[2025-12-27 18:24:29,901: INFO: main: >>>>>> stage Prepare base model completed <<<<<<

x============x]
[2025-12-27 18:24:29,902: INFO: main: ********************]
[2025-12-27 18:24:29,904: INFO: main: >>>>>> stage Training started <<<<<<]
[2025-12-27 18:24:29,909: INFO: common: yaml file: config\config.yaml loaded successfully]
[2025-12-27 18:24:29,914: INFO: common: yaml file: params.yaml loaded successfully]
[2025-12-27 18:24:29,916: INFO: common: created directory at: artifacts]
[2025-12-27 18:24:29,917: INFO: common: created directory at: artifacts\training]
[2025-12-27 19:08:03,560: INFO: main: >>>>>>> stage Training completed <<<<<<<

x==========x]
